<?xml version="1.0" encoding="UTF-8"?>
<!-- Generated by org.testng.reporters.JUnitReportReporter -->
<testsuite hostname="La-Fleur" name="com.example.tests.AddNewContactTests" tests="2" failures="0" timestamp="22 Apr 2015 01:05:12 GMT" time="16.303" errors="0">
  <testcase name="testNonEmptyContactCreation" time="7.210" classname="com.example.tests.AddNewContactTests"/>
  <testcase name="testEmptyContactCreation" time="9.093" classname="com.example.tests.AddNewContactTests"/>
</testsuite> <!-- com.example.tests.AddNewContactTests -->
