<?xml version="1.0" encoding="UTF-8"?>
<!-- Generated by org.testng.reporters.JUnitReportReporter -->
<testsuite hostname="La-Fleur" name="com.example.tests.GroupCreationAdditionalTests" tests="2" failures="0" timestamp="22 Apr 2015 01:05:12 GMT" time="6.521" errors="0">
  <testcase name="testEmptyGroupCreation" time="3.342" classname="com.example.tests.GroupCreationAdditionalTests"/>
  <testcase name="testNonEmptyGroupCreation" time="3.179" classname="com.example.tests.GroupCreationAdditionalTests"/>
</testsuite> <!-- com.example.tests.GroupCreationAdditionalTests -->
