<?xml version="1.0" encoding="UTF-8"?>
<!-- Generated by org.testng.reporters.JUnitReportReporter -->
<testsuite hostname="La-Fleur" name="com.example.tests.AdditionalGroupCreationTests" tests="2" failures="0" timestamp="22 Apr 2015 01:00:32 GMT" time="8.237" errors="0">
  <testcase name="testEmptyGroupCreation" time="4.262" classname="com.example.tests.AdditionalGroupCreationTests"/>
  <testcase name="testNonEmptyGroupCreation" time="3.975" classname="com.example.tests.AdditionalGroupCreationTests"/>
</testsuite> <!-- com.example.tests.AdditionalGroupCreationTests -->
