<?xml version="1.0" encoding="UTF-8"?>
<!-- Generated by org.testng.reporters.JUnitReportReporter -->
<testsuite hostname="La-Fleur" name="com.example.tests.GroupCreationTests" tests="2" failures="0" timestamp="22 Apr 2015 00:39:06 GMT" time="6.296" errors="0">
  <testcase name="testNonEmptyGroupCreation" time="3.188" classname="com.example.tests.GroupCreationTests"/>
  <testcase name="testEmptyGroupCreation" time="3.108" classname="com.example.tests.GroupCreationTests"/>
</testsuite> <!-- com.example.tests.GroupCreationTests -->
